<?xml version="1.0" standalone="no"?>
<!DOCTYPE entity PUBLIC "-//UC Berkeley//DTD MoML 1//EN"
    "http://ptolemy.eecs.berkeley.edu/xml/dtd/MoML_1.dtd">
<entity name="test-model-1" class="ptolemy.actor.TypedCompositeActor">
    <property name="_createdBy" class="ptolemy.kernel.attributes.VersionAttribute" value="8.1.devel">
    </property>
   
    <property name="SDF Director" class="ptolemy.domains.sdf.kernel.SDFDirector">
        <property name="iterations" class="ptolemy.data.expr.Parameter" value="1">
        </property>
        <property name="vectorizationFactor" class="ptolemy.data.expr.Parameter" value="1">
        </property>
        <property name="allowDisconnectedGraphs" class="ptolemy.data.expr.Parameter" value="false">
        </property>
        <property name="allowRateChanges" class="ptolemy.data.expr.Parameter" value="false">
        </property>
        <property name="constrainBufferSizes" class="ptolemy.data.expr.Parameter" value="true">
        </property>
        <property name="period" class="ptolemy.data.expr.Parameter" value="0.0">
        </property>
        <property name="synchronizeToRealTime" class="ptolemy.data.expr.Parameter" value="false">
        </property>
        <property name="timeResolution" class="ptolemy.actor.parameters.SharedParameter" value="1E-10">
        </property>
        <property name="Scheduler" class="ptolemy.domains.sdf.kernel.SDFScheduler">
            <property name="constrainBufferSizes" class="ptolemy.data.expr.Parameter" value="constrainBufferSizes">
            </property>
        </property>
    </property>
    <entity name="Text File Writer" class="org.resurgence.actor.TextFileWriter">
        <property name="Change existing" class="ptolemy.data.expr.StringParameter" value="No">
        </property>
        <property name="_location" class="ptolemy.kernel.util.Location" value="[350.0, 90.0]">
        </property>
    </entity>
    <entity name="String Constant" class="ptolemy.actor.lib.StringConst">
        <property name="firingCountLimit" class="ptolemy.data.expr.Parameter" value="NONE">
        </property>
        <property name="NONE" class="ptolemy.data.expr.Parameter" value="0">
        </property>
        <property name="value" class="ptolemy.data.expr.Parameter" value="test file">
        </property>
    </entity>
    <entity name="String Constant2" class="ptolemy.actor.lib.StringConst">
        <property name="firingCountLimit" class="ptolemy.data.expr.Parameter" value="NONE">
        </property>
        <property name="NONE" class="ptolemy.data.expr.Parameter" value="0">
        </property>
        <property name="value" class="ptolemy.data.expr.Parameter" value="loader/target/test.txt">
        </property>
    </entity>
    <relation name="relation" class="ptolemy.actor.TypedIORelation">
    </relation>
    <relation name="relation2" class="ptolemy.actor.TypedIORelation">
    </relation>
    <link port="Text File Writer.string" relation="relation"/>
    <link port="Text File Writer.fileToWrite" relation="relation2"/>
    <link port="String Constant.output" relation="relation"/>
    <link port="String Constant2.output" relation="relation2"/>
</entity>
