<?xml version="1.0" standalone="no"?>
<!DOCTYPE entity PUBLIC "-//UC Berkeley//DTD MoML 1//EN"
    "http://ptolemy.eecs.berkeley.edu/xml/dtd/MoML_1.dtd">
<entity name="test-model-2" class="ptolemy.actor.TypedCompositeActor">
    <property name="_createdBy" class="ptolemy.kernel.attributes.VersionAttribute" value="8.1.devel">
    </property>
    <property name="derivedFrom" class="org.kepler.moml.NamedObjIdReferralList" value="urn:lsid:gamma.msi.ucsb.edu/OpenAuth/:197:834:12">
    </property>
    <property name="entityId" class="org.kepler.moml.NamedObjId" value="urn:lsid:gamma.msi.ucsb.edu/OpenAuth/:197:840:3">
    </property>
    <property name="SDF Director" class="ptolemy.domains.sdf.kernel.SDFDirector">
        <property name="iterations" class="ptolemy.data.expr.Parameter" value="1">
        </property>
        <property name="vectorizationFactor" class="ptolemy.data.expr.Parameter" value="1">
        </property>
        <property name="allowDisconnectedGraphs" class="ptolemy.data.expr.Parameter" value="false">
        </property>
        <property name="allowRateChanges" class="ptolemy.data.expr.Parameter" value="false">
        </property>
        <property name="constrainBufferSizes" class="ptolemy.data.expr.Parameter" value="true">
        </property>
        <property name="period" class="ptolemy.data.expr.Parameter" value="0.0">
        </property>
        <property name="synchronizeToRealTime" class="ptolemy.data.expr.Parameter" value="false">
        </property>
        <property name="timeResolution" class="ptolemy.actor.parameters.SharedParameter" value="1E-10">
        </property>
        <property name="Scheduler" class="ptolemy.domains.sdf.kernel.SDFScheduler">
            <property name="constrainBufferSizes" class="ptolemy.data.expr.Parameter" value="constrainBufferSizes">
            </property>
        </property>
<property name="KeplerDocumentation" class="ptolemy.vergil.basic.KeplerDocumentationAttribute">
<property name="description" class="ptolemy.kernel.util.ConfigurableAttribute"><configure>null</configure></property>
<property name="author" class="ptolemy.kernel.util.ConfigurableAttribute"><configure>Steve Neuendorffer</configure></property>
<property name="version" class="ptolemy.kernel.util.ConfigurableAttribute"><configure>null</configure></property>
<property name="userLevelDocumentation" class="ptolemy.kernel.util.ConfigurableAttribute"><configure>&#10;&lt;p&gt;The SDF Director is often used to oversee fairly simple, sequential workflows in which the director can determine the order of actor invocation from the workflow. Types of workflows that would run well under an SDF Director include processing and reformatting tabular data, converting one data type to another, and reading and plotting a series of data points. A workflow in which an image is read, processed (rotated, scaled, clipped, filtered, etc.), and then displayed, is also an example of a sequential workflow that requires a director simply to ensure that each actor fires in the proper order (i.e., that each actor executes only after it receives its required inputs).&lt;/p&gt;&#10;&#10;&lt;p&gt;The SDF Director is very efficient and will not tax system resources with overhead. However, this efficiency requires that certain conditions be met, namely that the data consumption and production rate of each actor in an SDF workflow be constant and declared. If an actor reads one piece of data and calculates and outputs a single result, it must always read and output a single token of data. This data rate cannot change during workflow execution and, in general, workflows that require dynamic scheduling and/or flow control cannot use this director. Additionally, the SDF Director has no understanding of passing time (at least by default), and actors that depend on a notion of time may not work as expected. For example, a TimedPlotter actor will plot all values at time zero when used in SDF. &lt;/p&gt;&#10;&#10;&lt;p&gt;By default, the SDF Director requires that all actors in its workflow be connected. Otherwise, the director cannot account for concurrency between disconnected workflow parts. Usually, a PN Director should be used for workflows that contain disconnected actors; however, the SDF Director's allowDisconnectedGraphs parameter may also be set to true. The SDF Director will then schedule each disconnected &quot;island&quot; independently. The director cannot infer the sequential relationship between disconnected actors (i.e., nothing forces the director to finish executing all actors on one island before firing actors on another). However, the order of execution within each island should be correct. Usually, disconnected graphs in an SDF model indicate an error.&lt;/p&gt;&#10; &#10;&lt;p&gt;Because SDF Directors schedule actors to fire only after they receive their inputs, workflows that require loops (feeding an actor's output back into its input port for further processing) can cause &quot;deadlock&quot; errors. The deadlock errors occur because the actor depends on its own output value as an initial input. To fix this problem, use a SampleDelay actor to generate and inject an initial input value into the workflow.&lt;/p&gt;&#10;&#10;&lt;p&gt;The SDF Director determines the order in which actors execute and how many times each actor needs to be fired to complete a single iteration of the workflow. This schedule is calculated BEFORE the director begins to iterate the workflow. Because the SDF Director calculates a schedule in advance, it is quite efficient. However, SDF workflows must be static. In other words, the same number of tokens must be consumed/produced at every iteration of the workflow. Workflows that require dynamic control structures, such as a BooleanSwitch actor that sends output on one of two ports depending on the value of a 'control', cannot be used with an SDF Director because the number of tokens on each output can change for each execution.&lt;/p&gt;&#10;&#10;&lt;p&gt;Unless otherwise specified, the SDF Director assumes that each actor consumes and produces exactly one token per channel on each firing. Actors that do not follow the one-token-per-channel firing convention (e.g., Repeat or Ramp) must declare the number of tokens they produce or consume via the appropriate parameters. &lt;/p&gt;&#10;&#10;&lt;p&gt;The number of times a workflow is iterated is controlled by the director's iterations parameter. By default, this parameter is set to &quot;0&quot;. Note that &quot;0&quot; does not mean &quot;no iterations.&quot; Rather, &quot;0&quot; means that the workflow will iterate forever. Values greater than zero specify the actual number of times the director should execute the entire workflow. A value of 1, meaning that the director will run the workflow once, is often the best setting when building an SDF workflow. &lt;/p&gt;&#10;&#10;&lt;p&gt;The amount of data processed by an SDF workflow is a function of both the number of times the workflow iterates and the value of the director's vectorizationFactor parameter. The vectorizationFactor is used to increase the efficiency of a workflow by increasing the number of times actors fire each time the workflow iterates. If the parameter is set to a positive integer (other than 1), the director will fire each actor the specified number of times more than normal. The default is 1, indicating that no vectorization should be performed. Keep in mind that changing the vectorizationFactor parameter changes the meaning of a nested SDF workflow and may cause deadlock in a workflow that uses it. &lt;/p&gt;&#10;&#10;&lt;p&gt;The SDF Director has several advanced parameters that are generally only relevant when an SDF workflow contains composite components. In most cases the period, timeResolution, synchronizeToRealTime, allowRateChanges, timeResolution, and constrainBufferSizes parameters can be left at their default values.&lt;/p&gt;&#10;&#10;&lt;p&gt;For more information about the SDF Director, see the Ptolemy documentation (http://ptolemy.eecs.berkeley.edu/papers/05/ptIIdesign3-domains/ptIIdesign3-domains.pdf).&lt;/p&gt;&#10;&#10;</configure></property>
<property name="prop:allowDisconnectedGraphs" class="ptolemy.kernel.util.ConfigurableAttribute"><configure>Specify whether to allow disconnected actors in the workflow (by default, all actors are required to be connected). If disconnected actors are permitted, the SDF Director will schedule each disconnected 'island' independently. Nothing &quot;forces&quot; the director to finish executing all actors on one island before firing actors on another. However, the order of execution within each island should be correct. Usually, disconnected graphs in an SDF workflow indicate an error.</configure></property>
<property name="prop:allowRateChanges" class="ptolemy.kernel.util.ConfigurableAttribute"><configure>Specify whether dynamic rate changes are permitted or not. By default, rate changes are not permitted, and the director will perform a check to disallow such workflows. If the parameter is selected, then workflows that require rate parameters to be modified during execution are valid, and the SDF Director will dynamically compute a new schedule at runtime. This is an advanced parameter that can usually be left at its default value.</configure></property>
<property name="prop:constrainBufferSizes" class="ptolemy.kernel.util.ConfigurableAttribute"><configure>Specify whether buffer sizes are fixed. By default, buffers are fixed, and attempts to write to the buffer that cause the buffer to exceed its scheduled size result in an error. This is an advanced parameter that can usually be left at its default value.</configure></property>
<property name="prop:timeResolution" class="ptolemy.kernel.util.ConfigurableAttribute"><configure>The time precision used by this director. All time values are rounded to the nearest multiple of this number. The value is a double that defaults to &quot;1E-10&quot; (which is 10-10). This is an advanced parameter that can usually be left at its default value.</configure></property>
<property name="prop:iterations" class="ptolemy.kernel.util.ConfigurableAttribute"><configure>Specify the number of times a workflow is iterated. By default, this parameter is set to &quot;0&quot;. Note that &quot;0&quot; does not mean &quot;no iterations.&quot; Rather, &quot;0&quot; means that the workflow will iterate forever. Values greater than zero specify the actual number of times the director should execute the entire workflow. A value of 1, meaning that the director will run the workflow once, is often the best setting when building an SDF workflow. </configure></property>
<property name="prop:vectorizationFactor" class="ptolemy.kernel.util.ConfigurableAttribute"><configure>The vectorizationFactor is used to increase the efficiency of a workflow by increasing the number of times actors fire each time the workflow iterates. If the parameter is set to a positive integer (other than 1), the director will fire each actor the specified number of times more than normal. The default is 1, indicating that no vectorization should be performed. Keep in mind that changing the vectorizationFactor parameter changes the meaning of a nested SDF workflow and may cause deadlock in a workflow that uses it. </configure></property>
<property name="prop:synchronizeToRealTime" class="ptolemy.kernel.util.ConfigurableAttribute"><configure>Specify whether the execution should synchronize to real time or not. By default, the director does not synchronize to real time. If synchronize is selected, the director will only process the workflow when elapsed real time matches the product of the period parameter and the iteration count. Note: if the period parameter has a value of 0.0 (the default), then selecting this parameter has no effect. This is an advanced parameter that can usually be left at its default value.</configure></property>
<property name="prop:period" class="ptolemy.kernel.util.ConfigurableAttribute"><configure>The time period of each iteration. The value is a double that defaults to 0.0, which means that the director does not increment workflow time. If the value greater than 0.0, the actor will increment workflow time each time it fires. This is an advanced parameter that can usually be left at its default value. </configure></property>
</property>        <property name="entityId" class="org.kepler.moml.NamedObjId" value="urn:lsid:gamma.msi.ucsb.edu/OpenAuth/:197:835:1">
        </property>
        <property name="class" class="ptolemy.kernel.util.StringAttribute" value="ptolemy.domains.sdf.kernel.SDFDirector">
            <property name="id" class="ptolemy.kernel.util.StringAttribute" value="urn:lsid:kepler-project.org:directorclass:1:1">
            </property>
        </property>
        <property name="semanticType00" class="org.kepler.sms.SemanticType" value="urn:lsid:localhost:onto:1:1#Director">
        </property>
        <property name="semanticType11" class="org.kepler.sms.SemanticType" value="urn:lsid:localhost:onto:2:1#Director">
        </property>
        <property name="_location" class="ptolemy.kernel.util.Location" value="{100, 80}">
        </property>
        <property name="derivedFrom" class="org.kepler.moml.NamedObjIdReferralList" value="urn:lsid:kepler-project.org:director:1:1">
        </property>
    </property>
    <property name="_windowProperties" class="ptolemy.actor.gui.WindowPropertiesAttribute" value="{bounds={283, 102, 931, 687}, maximized=false}">
    </property>
    <property name="_vergilSize" class="ptolemy.actor.gui.SizeAttribute" value="[600, 538]">
    </property>
    <property name="_vergilZoomFactor" class="ptolemy.data.expr.ExpertParameter" value="1.0">
    </property>
    <property name="_vergilCenter" class="ptolemy.data.expr.ExpertParameter" value="{300.0, 269.0}">
    </property>
    <entity name="Text File Writer" class="org.resurgence.actor.TextFileWriter">
        <property name="Change existing" class="ptolemy.data.expr.StringParameter" value="No">
        </property>
<property name="KeplerDocumentation" class="ptolemy.vergil.basic.KeplerDocumentationAttribute">
<property name="description" class="ptolemy.kernel.util.ConfigurableAttribute"><configure>null</configure></property>
<property name="author" class="ptolemy.kernel.util.ConfigurableAttribute"><configure>Wibke Sudholt</configure></property>
<property name="version" class="ptolemy.kernel.util.ConfigurableAttribute"><configure>null</configure></property>
<property name="userLevelDocumentation" class="ptolemy.kernel.util.ConfigurableAttribute"><configure>&lt;p&gt;The TextFileWriter actor reads a string token and writes it, without any enclosing quotation marks, to a file. The actor outputs the file path of the generated file.&lt;/p&gt; &#10;&#10;&lt;p&gt;The path and name of the output file are specified via input ports. Specify whether the input is appended to the specified file (if it exists), or if an existing file is overwritten via the changeExisting parameter. &lt;/p&gt;&#10;&#10;&lt;p&gt;The TextFileWriter is similar to the FileWriter actor, except that the TextFileWriter actor does not add line breaks to its output, while the FileWriter actor does.&lt;/p&gt;</configure></property>
<property name="port:fileToWrite" class="ptolemy.kernel.util.ConfigurableAttribute"><configure>An input port that accepts the file path of the file to which to write. See FileParameter for more information about specifying file names.</configure></property>
<property name="port:string" class="ptolemy.kernel.util.ConfigurableAttribute"><configure>An input port that receives a string token to write-one line at a time--to a file.</configure></property>
<property name="port:fileWritten" class="ptolemy.kernel.util.ConfigurableAttribute"><configure>An output port that broadcasts the name and path of the output file.</configure></property>
<property name="prop:Change existing" class="ptolemy.kernel.util.ConfigurableAttribute"><configure>Specify whether the input is appended to the specified file (if it exists), or if an existing file is overwritten.</configure></property>
</property>        <property name="entityId" class="org.kepler.moml.NamedObjId" value="urn:lsid:kepler-project.org:actor:295:1">
        </property>
        <property name="class" class="ptolemy.kernel.util.StringAttribute" value="org.resurgence.actor.TextFileWriter">
            <property name="id" class="ptolemy.kernel.util.StringAttribute" value="urn:lsid:kepler-project.org:class:1120:1">
            </property>
        </property>
        <property name="semanticType00" class="org.kepler.sms.SemanticType" value="urn:lsid:localhost:onto:1:1#WriterOutputActor">
        </property>
        <property name="semanticType11" class="org.kepler.sms.SemanticType" value="urn:lsid:localhost:onto:2:1#LocalOutput">
        </property>
        <property name="_location" class="ptolemy.kernel.util.Location" value="[350.0, 90.0]">
        </property>
    </entity>
    <entity name="String Constant" class="ptolemy.actor.lib.StringConst">
        <property name="firingCountLimit" class="ptolemy.data.expr.Parameter" value="NONE">
        </property>
        <property name="NONE" class="ptolemy.data.expr.Parameter" value="0">
        </property>
        <property name="value" class="ptolemy.data.expr.Parameter" value="test file 2">
        </property>
<property name="KeplerDocumentation" class="ptolemy.vergil.basic.KeplerDocumentationAttribute">
<property name="description" class="ptolemy.kernel.util.ConfigurableAttribute"><configure>null</configure></property>
<property name="author" class="ptolemy.kernel.util.ConfigurableAttribute"><configure>Edward Lee</configure></property>
<property name="version" class="ptolemy.kernel.util.ConfigurableAttribute"><configure>null</configure></property>
<property name="userLevelDocumentation" class="ptolemy.kernel.util.ConfigurableAttribute"><configure>&lt;p&gt;The StringConstant actor outputs a string specified via the actor's value parameter.&lt;/p&gt;&#10;&#10;&lt;p&gt;Specifying strings with the StringConstant actor is convenient, as the actor does not require that strings be surrounded by quotes. The actor is often used to specify file paths, which can be selected using the Browse button available in the actor's parameters.&lt;/p&gt;&#10;&#10;&lt;p&gt;Specified string values can include references to parameters within scope (i.e., parameters defined at the same level of the hierarchy or higher). &lt;/p&gt;&#10;&#10;&lt;p&gt;NOTE: If using a PN Director, the 'firingCountLimit' parameter is often set to a finite integer (e.g. '1') so that the workflow will terminate. &lt;/p&gt;&#10;&#10;</configure></property>
<property name="port:output" class="ptolemy.kernel.util.ConfigurableAttribute"><configure>An output port that broadcasts a string constant specified by the value parameter.  </configure></property>
<property name="port:trigger" class="ptolemy.kernel.util.ConfigurableAttribute"><configure>A multiport that has no declared type (in other words, the port can accept any data type: double, int, array, etc.) If the port is connected, the actor will not fire until the trigger port receives an input token. Connecting the port is optional, but useful when scheduling the actor to perform at a certain time. </configure></property>
<property name="prop:firingCountLimit" class="ptolemy.kernel.util.ConfigurableAttribute"><configure>The limit on the number of times the actor will fire. The default value is 'NONE', meaning there is no limit on the number of time the constant will be provided to the output port. Any integer can be provided as a value for this parameter.</configure></property>
<property name="prop:value" class="ptolemy.kernel.util.ConfigurableAttribute"><configure>The value produced by the actor. Specified strings do not require enclosing quotes. (To include a '$' sign in the string, enter '$$'.)</configure></property>
</property>        <property name="entityId" class="org.kepler.moml.NamedObjId" value="urn:lsid:gamma.msi.ucsb.edu/OpenAuth/:197:836:2">
        </property>
        <property name="class" class="ptolemy.kernel.util.StringAttribute" value="ptolemy.actor.lib.StringConst">
            <property name="id" class="ptolemy.kernel.util.StringAttribute" value="urn:lsid:kepler-project.org:class:1052:1">
            </property>
        </property>
        <property name="semanticType00" class="org.kepler.sms.SemanticType" value="urn:lsid:localhost:onto:1:1#StringFunctionActor">
        </property>
        <property name="semanticType11" class="org.kepler.sms.SemanticType" value="urn:lsid:localhost:onto:2:1#Constant">
        </property>
        <property name="_icon" class="ptolemy.vergil.icon.BoxedValueIcon">
            <property name="attributeName" class="ptolemy.kernel.util.StringAttribute" value="value">
            </property>
            <property name="displayWidth" class="ptolemy.data.expr.Parameter" value="60">
            </property>
        </property>
        <property name="_location" class="ptolemy.kernel.util.Location" value="{165, 185}">
        </property>
        <property name="derivedFrom" class="org.kepler.moml.NamedObjIdReferralList" value="urn:lsid:kepler-project.org:actor:204:1">
        </property>
    </entity>
    <entity name="String Constant2" class="ptolemy.actor.lib.StringConst">
        <property name="firingCountLimit" class="ptolemy.data.expr.Parameter" value="NONE">
        </property>
        <property name="NONE" class="ptolemy.data.expr.Parameter" value="0">
        </property>
        <property name="value" class="ptolemy.data.expr.Parameter" value="loader/target/test2.txt">
        </property>
<property name="KeplerDocumentation" class="ptolemy.vergil.basic.KeplerDocumentationAttribute">
<property name="description" class="ptolemy.kernel.util.ConfigurableAttribute"><configure>null</configure></property>
<property name="author" class="ptolemy.kernel.util.ConfigurableAttribute"><configure>Edward Lee</configure></property>
<property name="version" class="ptolemy.kernel.util.ConfigurableAttribute"><configure>null</configure></property>
<property name="userLevelDocumentation" class="ptolemy.kernel.util.ConfigurableAttribute"><configure>&lt;p&gt;The StringConstant actor outputs a string specified via the actor's value parameter.&lt;/p&gt;&#10;&#10;&lt;p&gt;Specifying strings with the StringConstant actor is convenient, as the actor does not require that strings be surrounded by quotes. The actor is often used to specify file paths, which can be selected using the Browse button available in the actor's parameters.&lt;/p&gt;&#10;&#10;&lt;p&gt;Specified string values can include references to parameters within scope (i.e., parameters defined at the same level of the hierarchy or higher). &lt;/p&gt;&#10;&#10;&lt;p&gt;NOTE: If using a PN Director, the 'firingCountLimit' parameter is often set to a finite integer (e.g. '1') so that the workflow will terminate. &lt;/p&gt;&#10;&#10;</configure></property>
<property name="port:output" class="ptolemy.kernel.util.ConfigurableAttribute"><configure>An output port that broadcasts a string constant specified by the value parameter.  </configure></property>
<property name="port:trigger" class="ptolemy.kernel.util.ConfigurableAttribute"><configure>A multiport that has no declared type (in other words, the port can accept any data type: double, int, array, etc.) If the port is connected, the actor will not fire until the trigger port receives an input token. Connecting the port is optional, but useful when scheduling the actor to perform at a certain time. </configure></property>
<property name="prop:firingCountLimit" class="ptolemy.kernel.util.ConfigurableAttribute"><configure>The limit on the number of times the actor will fire. The default value is 'NONE', meaning there is no limit on the number of time the constant will be provided to the output port. Any integer can be provided as a value for this parameter.</configure></property>
<property name="prop:value" class="ptolemy.kernel.util.ConfigurableAttribute"><configure>The value produced by the actor. Specified strings do not require enclosing quotes. (To include a '$' sign in the string, enter '$$'.)</configure></property>
</property>        <property name="entityId" class="org.kepler.moml.NamedObjId" value="urn:lsid:gamma.msi.ucsb.edu/OpenAuth/:197:837:3">
        </property>
        <property name="class" class="ptolemy.kernel.util.StringAttribute" value="ptolemy.actor.lib.StringConst">
            <property name="id" class="ptolemy.kernel.util.StringAttribute" value="urn:lsid:kepler-project.org:class:1052:1">
            </property>
        </property>
        <property name="semanticType00" class="org.kepler.sms.SemanticType" value="urn:lsid:localhost:onto:1:1#StringFunctionActor">
        </property>
        <property name="semanticType11" class="org.kepler.sms.SemanticType" value="urn:lsid:localhost:onto:2:1#Constant">
        </property>
        <property name="_icon" class="ptolemy.vergil.icon.BoxedValueIcon">
            <property name="attributeName" class="ptolemy.kernel.util.StringAttribute" value="value">
            </property>
            <property name="displayWidth" class="ptolemy.data.expr.Parameter" value="60">
            </property>
        </property>
        <property name="_location" class="ptolemy.kernel.util.Location" value="[203.52108001708984, 224.00970458984375]">
        </property>
        <property name="derivedFrom" class="org.kepler.moml.NamedObjIdReferralList" value="urn:lsid:kepler-project.org:actor:204:1">
        </property>
    </entity>
    <relation name="relation" class="ptolemy.actor.TypedIORelation">
    </relation>
    <relation name="relation2" class="ptolemy.actor.TypedIORelation">
    </relation>
    <link port="Text File Writer.string" relation="relation"/>
    <link port="Text File Writer.fileToWrite" relation="relation2"/>
    <link port="String Constant.output" relation="relation"/>
    <link port="String Constant2.output" relation="relation2"/>
</entity>
